<?xml version="1.0" encoding="UTF-8"?>
<!-- Generated by org.testng.reporters.JUnitReportReporter -->
<testsuite hostname="DESKTOP-KQRAAFP" failures="0" tests="1" name="utills.ExcelOpearations" time="0.834" errors="0" timestamp="2022-08-08T22:08:15 IST" skipped="0">
  <testcase classname="utills.ExcelOpearations" name="excel" time="0.834"/>
  <system-out>
    <![CDATA[No pf Rows::   9true
No pf Coloumns::   4true]]>
  </system-out>
</testsuite> <!-- utills.ExcelOpearations -->
